<?xml version="1.0" encoding="UTF-8"?>
<testng-results ignored="0" total="2" passed="2" failed="0" skipped="0">
  <reporter-output>
  </reporter-output>
  <suite started-at="2020-09-14T16:50:21Z" name="Default suite" finished-at="2020-09-14T16:51:41Z" duration-ms="80085">
    <groups>
    </groups>
    <test started-at="2020-09-14T16:50:21Z" name="Default test" finished-at="2020-09-14T16:51:41Z" duration-ms="80085">
      <class name="com.goibibo.testcases.SingleTripTest">
        <test-method is-config="true" signature="initialization()[pri:0, instance:com.goibibo.testcases.SingleTripTest@4961f6af]" started-at="2020-09-14T16:50:21Z" name="initialization" finished-at="2020-09-14T16:50:44Z" duration-ms="22797" status="PASS">
          <reporter-output>
          </reporter-output>
        </test-method> <!-- initialization -->
        <test-method signature="SingleTripPaymentTest()[pri:0, instance:com.goibibo.testcases.SingleTripTest@4961f6af]" started-at="2020-09-14T16:50:44Z" name="SingleTripPaymentTest" finished-at="2020-09-14T16:51:02Z" duration-ms="18064" status="PASS">
          <reporter-output>
          </reporter-output>
        </test-method> <!-- SingleTripPaymentTest -->
        <test-method is-config="true" signature="tearDown()[pri:0, instance:com.goibibo.testcases.SingleTripTest@4961f6af]" started-at="2020-09-14T16:51:02Z" name="tearDown" finished-at="2020-09-14T16:51:06Z" duration-ms="4859" status="PASS">
          <reporter-output>
          </reporter-output>
        </test-method> <!-- tearDown -->
        <test-method is-config="true" signature="initialization()[pri:0, instance:com.goibibo.testcases.SingleTripTest@4961f6af]" started-at="2020-09-14T16:51:06Z" name="initialization" finished-at="2020-09-14T16:51:20Z" duration-ms="13247" status="PASS">
          <reporter-output>
          </reporter-output>
        </test-method> <!-- initialization -->
        <test-method signature="SingleTripPaymentTest()[pri:0, instance:com.goibibo.testcases.SingleTripTest@4961f6af]" started-at="2020-09-14T16:51:20Z" name="SingleTripPaymentTest" finished-at="2020-09-14T16:51:38Z" duration-ms="18785" status="PASS">
          <reporter-output>
          </reporter-output>
        </test-method> <!-- SingleTripPaymentTest -->
        <test-method is-config="true" signature="tearDown()[pri:0, instance:com.goibibo.testcases.SingleTripTest@4961f6af]" started-at="2020-09-14T16:51:38Z" name="tearDown" finished-at="2020-09-14T16:51:41Z" duration-ms="2265" status="PASS">
          <reporter-output>
          </reporter-output>
        </test-method> <!-- tearDown -->
      </class> <!-- com.goibibo.testcases.SingleTripTest -->
    </test> <!-- Default test -->
  </suite> <!-- Default suite -->
</testng-results>
