<?xml version="1.0" encoding="UTF-8"?>
<testng-results ignored="0" total="0" passed="0" failed="0" skipped="0">
  <reporter-output>
  </reporter-output>
  <suite started-at="2020-09-14T11:19:57Z" name="Single Trip" finished-at="2020-09-14T11:19:58Z" duration-ms="1039">
    <groups>
    </groups>
    <test started-at="2020-09-14T11:19:57Z" name="Single Trip - Payment Test" finished-at="2020-09-14T11:19:58Z" duration-ms="1039">
    </test> <!-- Single Trip - Payment Test -->
  </suite> <!-- Single Trip -->
</testng-results>
